

Microchip MPLAB XC8 Assembler V2.32 build 20210201212658 
                                                                                               Sat Jan 22 01:48:45 2022

Microchip MPLAB XC8 C Compiler v2.32 (Free license) build 20210201212658 Og1 
     1                           	processor	16F877A
     2                           	pagewidth 120
     3                           	opt	flic
     4                           	psect	cinit,global,class=CODE,merge=1,delta=2
     5                           	psect	cstackCOMMON,global,class=COMMON,space=1,delta=1,noexec
     6                           	psect	maintext,global,class=CODE,split=1,delta=2
     7                           	psect	text1,local,class=CODE,merge=1,delta=2
     8                           	psect	text2,local,class=CODE,merge=1,delta=2
     9                           	dabs	1,0x7E,2
    10  0000                     
    11                           ; Version 2.20
    12                           ; Generated 12/02/2020 GMT
    13                           ; 
    14                           ; Copyright © 2020, Microchip Technology Inc. and its subsidiaries ("Microchip")
    15                           ; All rights reserved.
    16                           ; 
    17                           ; This software is developed by Microchip Technology Inc. and its subsidiaries ("Microch
      +                          ip").
    18                           ; 
    19                           ; Redistribution and use in source and binary forms, with or without modification, are
    20                           ; permitted provided that the following conditions are met:
    21                           ; 
    22                           ;     1. Redistributions of source code must retain the above copyright notice, this lis
      +                          t of
    23                           ;        conditions and the following disclaimer.
    24                           ; 
    25                           ;     2. Redistributions in binary form must reproduce the above copyright notice, this 
      +                          list
    26                           ;        of conditions and the following disclaimer in the documentation and/or other
    27                           ;        materials provided with the distribution.
    28                           ; 
    29                           ;     3. Microchip's name may not be used to endorse or promote products derived from th
      +                          is
    30                           ;        software without specific prior written permission.
    31                           ; 
    32                           ; THIS SOFTWARE IS PROVIDED BY MICROCHIP "AS IS" AND ANY EXPRESS OR IMPLIED WARRANTIES,
    33                           ; INCLUDING, BUT NOT LIMITED TO, THE IMPLIED WARRANTIES OF MERCHANTABILITY AND FITNESS F
      +                          OR
    34                           ; PURPOSE ARE DISCLAIMED.  IN NO EVENT SHALL MICROCHIP BE LIABLE FOR ANY DIRECT, INDIREC
      +                          T,
    35                           ; INCIDENTAL, SPECIAL, EXEMPLARY, OR CONSEQUENTIAL DAMAGES (INCLUDING BUT NOT LIMITED TO
    36                           ; PROCUREMENT OF SUBSTITUTE GOODS OR SERVICES; LOSS OF USE, DATA OR PROFITS; OR BUSINESS
    37                           ; INTERRUPTION) HOWSOEVER CAUSED AND ON ANY THEORY OF LIABILITY, WHETHER IN CONTRACT, ST
      +                          RICT
    38                           ; LIABILITY, OR TORT (INCLUDING NEGLIGENCE OR OTHERWISE) ARISING IN ANY WAY OUT OF THE U
      +                          SE OF
    39                           ; THIS SOFTWARE, EVEN IF ADVISED OF THE POSSIBILITY OF SUCH DAMAGE.
    40                           ; 
    41                           ; 
    42                           ; Code-generator required, PIC16F877A Definitions
    43                           ; 
    44                           ; SFR Addresses
    45  0000                     	;# 
    46  0001                     	;# 
    47  0002                     	;# 
    48  0003                     	;# 
    49  0004                     	;# 
    50  0005                     	;# 
    51  0006                     	;# 
    52  0007                     	;# 
    53  0008                     	;# 
    54  0009                     	;# 
    55  000A                     	;# 
    56  000B                     	;# 
    57  000C                     	;# 
    58  000D                     	;# 
    59  000E                     	;# 
    60  000E                     	;# 
    61  000F                     	;# 
    62  0010                     	;# 
    63  0011                     	;# 
    64  0012                     	;# 
    65  0013                     	;# 
    66  0014                     	;# 
    67  0015                     	;# 
    68  0015                     	;# 
    69  0016                     	;# 
    70  0017                     	;# 
    71  0018                     	;# 
    72  0019                     	;# 
    73  001A                     	;# 
    74  001B                     	;# 
    75  001B                     	;# 
    76  001C                     	;# 
    77  001D                     	;# 
    78  001E                     	;# 
    79  001F                     	;# 
    80  0081                     	;# 
    81  0085                     	;# 
    82  0086                     	;# 
    83  0087                     	;# 
    84  0088                     	;# 
    85  0089                     	;# 
    86  008C                     	;# 
    87  008D                     	;# 
    88  008E                     	;# 
    89  0091                     	;# 
    90  0092                     	;# 
    91  0093                     	;# 
    92  0094                     	;# 
    93  0098                     	;# 
    94  0099                     	;# 
    95  009C                     	;# 
    96  009D                     	;# 
    97  009E                     	;# 
    98  009F                     	;# 
    99  010C                     	;# 
   100  010D                     	;# 
   101  010E                     	;# 
   102  010F                     	;# 
   103  018C                     	;# 
   104  018D                     	;# 
   105  0000                     	;# 
   106  0001                     	;# 
   107  0002                     	;# 
   108  0003                     	;# 
   109  0004                     	;# 
   110  0005                     	;# 
   111  0006                     	;# 
   112  0007                     	;# 
   113  0008                     	;# 
   114  0009                     	;# 
   115  000A                     	;# 
   116  000B                     	;# 
   117  000C                     	;# 
   118  000D                     	;# 
   119  000E                     	;# 
   120  000E                     	;# 
   121  000F                     	;# 
   122  0010                     	;# 
   123  0011                     	;# 
   124  0012                     	;# 
   125  0013                     	;# 
   126  0014                     	;# 
   127  0015                     	;# 
   128  0015                     	;# 
   129  0016                     	;# 
   130  0017                     	;# 
   131  0018                     	;# 
   132  0019                     	;# 
   133  001A                     	;# 
   134  001B                     	;# 
   135  001B                     	;# 
   136  001C                     	;# 
   137  001D                     	;# 
   138  001E                     	;# 
   139  001F                     	;# 
   140  0081                     	;# 
   141  0085                     	;# 
   142  0086                     	;# 
   143  0087                     	;# 
   144  0088                     	;# 
   145  0089                     	;# 
   146  008C                     	;# 
   147  008D                     	;# 
   148  008E                     	;# 
   149  0091                     	;# 
   150  0092                     	;# 
   151  0093                     	;# 
   152  0094                     	;# 
   153  0098                     	;# 
   154  0099                     	;# 
   155  009C                     	;# 
   156  009D                     	;# 
   157  009E                     	;# 
   158  009F                     	;# 
   159  010C                     	;# 
   160  010D                     	;# 
   161  010E                     	;# 
   162  010F                     	;# 
   163  018C                     	;# 
   164  018D                     	;# 
   165  0006                     _PORTB	set	6
   166  0019                     _TXREG	set	25
   167  0064                     _TXIF	set	100
   168  00C7                     _SPEN	set	199
   169  0086                     _TRISB	set	134
   170  0099                     _SPBRG	set	153
   171  0098                     _TXSTA	set	152
   172                           
   173                           	psect	cinit
   174  07FC                     start_initialization:	
   175                           ; #config settings
   176                           
   177  07FC                     __initialization:
   178  07FC                     end_of_initialization:	
   179                           ;End of C runtime variable initialization code
   180                           
   181  07FC                     __end_of__initialization:
   182  07FC  0183               	clrf	3
   183  07FD  120A  118A  2FE7   	ljmp	_main	;jump to C main() function
   184                           
   185                           	psect	cstackCOMMON
   186  0070                     __pcstackCOMMON:
   187  0070                     ?_uart:
   188  0070                     ??_uart:	
   189                           ; 1 bytes @ 0x0
   190                           
   191  0070                     ?_send:	
   192                           ; 1 bytes @ 0x0
   193                           
   194  0070                     ??_send:	
   195                           ; 1 bytes @ 0x0
   196                           
   197  0070                     ?_main:	
   198                           ; 1 bytes @ 0x0
   199                           
   200  0070                     send@a:	
   201                           ; 1 bytes @ 0x0
   202                           
   203                           
   204                           ; 1 bytes @ 0x0
   205  0070                     	ds	1
   206  0071                     ??_main:
   207                           
   208                           	psect	maintext
   209  07E7                     __pmaintext:	
   210                           ; 1 bytes @ 0x1
   211 ;;
   212 ;;Main: autosize = 0, tempsize = 0, incstack = 0, save=0
   213 ;;
   214 ;; *************** function _main *****************
   215 ;; Defined at:
   216 ;;		line 24 in file "transmit.c"
   217 ;; Parameters:    Size  Location     Type
   218 ;;		None
   219 ;; Auto vars:     Size  Location     Type
   220 ;;		None
   221 ;; Return value:  Size  Location     Type
   222 ;;                  1    wreg      void 
   223 ;; Registers used:
   224 ;;		wreg, status,2, status,0, pclath, cstack
   225 ;; Tracked objects:
   226 ;;		On entry : B00/0
   227 ;;		On exit  : 0/0
   228 ;;		Unchanged: 0/0
   229 ;; Data sizes:     COMMON   BANK0   BANK1   BANK3   BANK2
   230 ;;      Params:         0       0       0       0       0
   231 ;;      Locals:         0       0       0       0       0
   232 ;;      Temps:          0       0       0       0       0
   233 ;;      Totals:         0       0       0       0       0
   234 ;;Total ram usage:        0 bytes
   235 ;; Hardware stack levels required when called: 1
   236 ;; This function calls:
   237 ;;		_send
   238 ;;		_uart
   239 ;; This function is called by:
   240 ;;		Startup code after reset
   241 ;; This function uses a non-reentrant model
   242 ;;
   243                           
   244                           
   245                           ;psect for function _main
   246  07E7                     _main:
   247  07E7                     l629:	
   248                           ;incstack = 0
   249                           ; Regs used in _main: [wreg+status,2+status,0+pclath+cstack]
   250                           
   251  07E7  30FF               	movlw	255
   252  07E8  1683               	bsf	3,5	;RP0=1, select bank1
   253  07E9  1303               	bcf	3,6	;RP1=0, select bank1
   254  07EA  0086               	movwf	6	;volatile
   255  07EB                     l631:
   256                           
   257                           ;transmit.c: 26: uart();
   258  07EB  120A  118A  27DB  120A  118A  	fcall	_uart
   259  07F0                     l633:
   260                           
   261                           ;transmit.c: 28: {;transmit.c: 29: send(PORTB);
   262  07F0  1283               	bcf	3,5	;RP0=0, select bank0
   263  07F1  1303               	bcf	3,6	;RP1=0, select bank0
   264  07F2  0806               	movf	6,w	;volatile
   265  07F3  120A  118A  27D1  120A  118A  	fcall	_send
   266  07F8  2FF0               	goto	l633
   267  07F9  120A  118A  2800   	ljmp	start
   268  07FC                     __end_of_main:
   269                           
   270                           	psect	text1
   271  07DB                     __ptext1:	
   272 ;; *************** function _uart *****************
   273 ;; Defined at:
   274 ;;		line 5 in file "transmit.c"
   275 ;; Parameters:    Size  Location     Type
   276 ;;		None
   277 ;; Auto vars:     Size  Location     Type
   278 ;;		None
   279 ;; Return value:  Size  Location     Type
   280 ;;                  1    wreg      void 
   281 ;; Registers used:
   282 ;;		wreg
   283 ;; Tracked objects:
   284 ;;		On entry : 0/0
   285 ;;		On exit  : 0/0
   286 ;;		Unchanged: 0/0
   287 ;; Data sizes:     COMMON   BANK0   BANK1   BANK3   BANK2
   288 ;;      Params:         0       0       0       0       0
   289 ;;      Locals:         0       0       0       0       0
   290 ;;      Temps:          0       0       0       0       0
   291 ;;      Totals:         0       0       0       0       0
   292 ;;Total ram usage:        0 bytes
   293 ;; Hardware stack levels used: 1
   294 ;; This function calls:
   295 ;;		Nothing
   296 ;; This function is called by:
   297 ;;		_main
   298 ;; This function uses a non-reentrant model
   299 ;;
   300                           
   301                           
   302                           ;psect for function _uart
   303  07DB                     _uart:
   304  07DB                     l623:	
   305                           ;incstack = 0
   306                           ; Regs used in _uart: [wreg]
   307                           
   308                           
   309                           ;transmit.c: 8: TXSTA =0x24;
   310  07DB  3024               	movlw	36
   311  07DC  1683               	bsf	3,5	;RP0=1, select bank1
   312  07DD  1303               	bcf	3,6	;RP1=0, select bank1
   313  07DE  0098               	movwf	24	;volatile
   314  07DF                     l625:
   315                           
   316                           ;transmit.c: 9: SPEN=1;
   317  07DF  1283               	bcf	3,5	;RP0=0, select bank0
   318  07E0  1303               	bcf	3,6	;RP1=0, select bank0
   319  07E1  1798               	bsf	24,7	;volatile
   320                           
   321                           ;transmit.c: 10: SPBRG = 129;
   322  07E2  3081               	movlw	129
   323  07E3  1683               	bsf	3,5	;RP0=1, select bank1
   324  07E4  1303               	bcf	3,6	;RP1=0, select bank1
   325  07E5  0099               	movwf	25	;volatile
   326  07E6                     l17:
   327  07E6  0008               	return
   328  07E7                     __end_of_uart:
   329                           
   330                           	psect	text2
   331  07D1                     __ptext2:	
   332 ;; *************** function _send *****************
   333 ;; Defined at:
   334 ;;		line 18 in file "transmit.c"
   335 ;; Parameters:    Size  Location     Type
   336 ;;  a               1    wreg     unsigned char 
   337 ;; Auto vars:     Size  Location     Type
   338 ;;  a               1    0[COMMON] unsigned char 
   339 ;; Return value:  Size  Location     Type
   340 ;;                  1    wreg      void 
   341 ;; Registers used:
   342 ;;		wreg
   343 ;; Tracked objects:
   344 ;;		On entry : 0/0
   345 ;;		On exit  : 0/0
   346 ;;		Unchanged: 0/0
   347 ;; Data sizes:     COMMON   BANK0   BANK1   BANK3   BANK2
   348 ;;      Params:         0       0       0       0       0
   349 ;;      Locals:         1       0       0       0       0
   350 ;;      Temps:          0       0       0       0       0
   351 ;;      Totals:         1       0       0       0       0
   352 ;;Total ram usage:        1 bytes
   353 ;; Hardware stack levels used: 1
   354 ;; This function calls:
   355 ;;		Nothing
   356 ;; This function is called by:
   357 ;;		_main
   358 ;; This function uses a non-reentrant model
   359 ;;
   360                           
   361                           
   362                           ;psect for function _send
   363  07D1                     _send:
   364                           
   365                           ;incstack = 0
   366                           ; Regs used in _send: [wreg]
   367                           ;send@a stored from wreg
   368  07D1  00F0               	movwf	send@a
   369  07D2                     l627:
   370                           
   371                           ;transmit.c: 20: TXREG = a ;
   372  07D2  0870               	movf	send@a,w
   373  07D3  1283               	bcf	3,5	;RP0=0, select bank0
   374  07D4  1303               	bcf	3,6	;RP1=0, select bank0
   375  07D5  0099               	movwf	25	;volatile
   376  07D6                     l20:	
   377                           ;transmit.c: 21: while(!TXIF);
   378                           
   379  07D6  1E0C               	btfss	12,4	;volatile
   380  07D7  2FD9               	goto	u11
   381  07D8  2FDA               	goto	u10
   382  07D9                     u11:
   383  07D9  2FD6               	goto	l20
   384  07DA                     u10:
   385  07DA                     l23:
   386  07DA  0008               	return
   387  07DB                     __end_of_send:
   388  007E                     btemp	set	126	;btemp
   389  007E                     wtemp0	set	126

Data Sizes:
    Strings     0
    Constant    0
    Data        0
    BSS         0
    Persistent  0
    Stack       0

Auto Spaces:
    Space          Size  Autos    Used
    COMMON           14      1       1
    BANK0            80      0       0
    BANK1            80      0       0
    BANK3            96      0       0
    BANK2            96      0       0

Pointer List with Targets:

    None.

Critical Paths under _main in COMMON

    _main->_send

Critical Paths under _main in BANK0

    None.

Critical Paths under _main in BANK1

    None.

Critical Paths under _main in BANK3

    None.

Critical Paths under _main in BANK2

    None.

Call Graph Tables:

 ---------------------------------------------------------------------------------
 (Depth) Function   	        Calls       Base Space   Used Autos Params    Refs
 ---------------------------------------------------------------------------------
 (0) _main                                                 0     0      0      15
                               _send
                               _uart
 ---------------------------------------------------------------------------------
 (1) _uart                                                 0     0      0       0
 ---------------------------------------------------------------------------------
 (1) _send                                                 1     1      0      15
                                              0 COMMON     1     1      0
 ---------------------------------------------------------------------------------
 Estimated maximum stack depth 1
 ---------------------------------------------------------------------------------

 Call Graph Graphs:

 _main (ROOT)
   _send
   _uart

 Address spaces:
Name               Size   Autos  Total    Cost      Usage
BITCOMMON            E      0       0       0        0.0%
EEDATA             100      0       0       0        0.0%
NULL                 0      0       0       0        0.0%
CODE                 0      0       0       0        0.0%
COMMON               E      1       1       1        7.1%
BITSFR0              0      0       0       1        0.0%
SFR0                 0      0       0       1        0.0%
BITSFR1              0      0       0       2        0.0%
SFR1                 0      0       0       2        0.0%
STACK                0      0       0       2        0.0%
ABS                  0      0       0       3        0.0%
BITBANK0            50      0       0       4        0.0%
BITSFR3              0      0       0       4        0.0%
SFR3                 0      0       0       4        0.0%
BANK0               50      0       0       5        0.0%
BITSFR2              0      0       0       5        0.0%
SFR2                 0      0       0       5        0.0%
BITBANK1            50      0       0       6        0.0%
BANK1               50      0       0       7        0.0%
BITBANK3            60      0       0       8        0.0%
BANK3               60      0       0       9        0.0%
BITBANK2            60      0       0      10        0.0%
BANK2               60      0       0      11        0.0%
DATA                 0      0       0      12        0.0%


Microchip Technology PIC Macro Assembler V2.32 build 20210201212658 
Symbol Table                                                                                   Sat Jan 22 01:48:45 2022

                     l20 07D6                       l23 07DA                       l17 07E6  
                     u10 07DA                       u11 07D9                      l623 07DB  
                    l631 07EB                      l625 07DF                      l633 07F0  
                    l627 07D2                      l629 07E7                     _SPEN 00C7  
                   _TXIF 0064                     _main 07E7                     _send 07D1  
                   _uart 07DB                     btemp 007E                     start 0000  
                  ?_main 0070                    ?_send 0070                    ?_uart 0070  
                  _SPBRG 0099                    _PORTB 0006                    _TRISB 0086  
                  _TXREG 0019                    _TXSTA 0098                    send@a 0070  
                  status 0003                    wtemp0 007E          __initialization 07FC  
           __end_of_main 07FC             __end_of_send 07DB             __end_of_uart 07E7  
                 ??_main 0071                   ??_send 0070                   ??_uart 0070  
__end_of__initialization 07FC           __pcstackCOMMON 0070               __pmaintext 07E7  
                __ptext1 07DB                  __ptext2 07D1     end_of_initialization 07FC  
    start_initialization 07FC                ___latbits 0002            __size_of_main 0015  
          __size_of_send 000A            __size_of_uart 000C  
